-------------------------------------------------------------------------------
Test set: ar.edu.iua.iw3.negocio.OrdenNegocioTest
-------------------------------------------------------------------------------
Tests run: 1, Failures: 0, Errors: 1, Skipped: 0, Time elapsed: 0.001 s <<< FAILURE! - in ar.edu.iua.iw3.negocio.OrdenNegocioTest
initializationError  Time elapsed: 0.001 s  <<< ERROR!
java.lang.Exception: No runnable methods

